{
  "RSpec": {
    "coverage": {
      "/home/dell/Documents/sharuWorkApril15/products_app/backend/products_rails_app/spec/support/devise.rb": {
        "lines": [
          1,
          null,
          1,
          1,
          null,
          1,
          null
        ]
      },
      "/home/dell/Documents/sharuWorkApril15/products_app/backend/products_rails_app/spec/support/controller_macros.rb": {
        "lines": [
          1,
          1,
          0,
          0,
          0,
          null,
          null,
          null,
          1,
          1,
          1,
          1,
          1,
          null,
          null,
          null
        ]
      },
      "/home/dell/Documents/sharuWorkApril15/products_app/backend/products_rails_app/app/controllers/products_controller.rb": {
        "lines": [
          1,
          1,
          1,
          null,
          1,
          1,
          1,
          null,
          null,
          1,
          0,
          0,
          0,
          null,
          0,
          null,
          null,
          null,
          1,
          0,
          0,
          null,
          0,
          null,
          null,
          null,
          1,
          0,
          0,
          null,
          0,
          null,
          null,
          null,
          1,
          null,
          1,
          0,
          null,
          null,
          1,
          0,
          0,
          0,
          null,
          null,
          null
        ]
      },
      "/home/dell/Documents/sharuWorkApril15/products_app/backend/products_rails_app/app/controllers/application_controller.rb": {
        "lines": [
          1,
          1,
          null,
          1,
          null,
          1,
          1,
          1,
          null,
          0,
          null,
          null,
          null
        ]
      },
      "/home/dell/Documents/sharuWorkApril15/products_app/backend/products_rails_app/spec/controllers/users_controller_spec.rb": {
        "lines": [

        ]
      },
      "/home/dell/Documents/sharuWorkApril15/products_app/backend/products_rails_app/spec/models/product_spec.rb": {
        "lines": [
          1,
          null,
          1,
          null,
          4,
          null,
          1,
          1,
          null,
          null,
          1,
          1,
          1,
          null,
          null,
          1,
          1,
          1,
          null,
          null
        ]
      },
      "/home/dell/Documents/sharuWorkApril15/products_app/backend/products_rails_app/app/models/product.rb": {
        "lines": [
          1,
          1,
          1,
          1,
          null
        ]
      },
      "/home/dell/Documents/sharuWorkApril15/products_app/backend/products_rails_app/spec/models/review_spec.rb": {
        "lines": [
          1,
          null,
          1,
          null,
          1,
          2,
          null,
          null,
          3,
          null,
          1,
          1,
          null,
          null,
          1,
          2,
          null,
          null
        ]
      },
      "/home/dell/Documents/sharuWorkApril15/products_app/backend/products_rails_app/app/models/review.rb": {
        "lines": [
          1,
          1,
          null
        ]
      },
      "/home/dell/Documents/sharuWorkApril15/products_app/backend/products_rails_app/spec/models/user_spec.rb": {
        "lines": [
          1,
          null,
          1,
          4,
          null,
          1,
          1,
          null,
          null,
          1,
          1,
          1,
          null,
          null,
          1,
          1,
          1,
          null,
          null
        ]
      },
      "/home/dell/Documents/sharuWorkApril15/products_app/backend/products_rails_app/spec/requests/users/sessions_spec.rb": {
        "lines": [
          1,
          4,
          null,
          1,
          1,
          1,
          1,
          null,
          null,
          null,
          null,
          null,
          null,
          1,
          1,
          1,
          null,
          null,
          null,
          1,
          1,
          1,
          null,
          null,
          null,
          null,
          null,
          null,
          1,
          1,
          null,
          null,
          null,
          null,
          1,
          1,
          1,
          null,
          null,
          null,
          null,
          null,
          null,
          1,
          null,
          1,
          null,
          1,
          null,
          null,
          null,
          1,
          4,
          null,
          null
        ]
      },
      "/home/dell/Documents/sharuWorkApril15/products_app/backend/products_rails_app/app/controllers/users/sessions_controller.rb": {
        "lines": [
          null,
          null,
          1,
          null,
          1,
          null,
          null,
          null,
          null,
          null,
          null,
          null,
          null,
          null,
          null,
          null,
          null,
          null,
          null,
          null,
          null,
          null,
          null,
          1,
          2,
          2,
          null,
          0,
          null,
          null,
          null,
          null,
          null,
          null,
          null,
          null,
          1,
          1,
          1,
          1,
          null,
          null,
          1,
          1,
          null,
          null,
          null,
          null,
          0,
          null,
          null,
          null,
          null,
          null,
          null
        ]
      }
    },
    "timestamp": 1716209117
  }
}
